<jqa:jqassistant-rules xmlns:jqa="http://www.buschmais.com/jqassistant/core/analysis/rules/schema/v1.0">

    <concept id="junit4:TestMethod">
        <description>Labels all test methods annotated with "org.junit.@Test" with TEST and JUNIT4.</description>
        <cypher><![CDATA[
            MATCH (m:METHOD)-[:ANNOTATED_BY]->(a:CLASS)
            WHERE a.FQN="org.junit.Test"
            SET m:TEST:JUNIT4
            RETURN m as method
        ]]></cypher>
    </concept>

    <concept id="junit4:TestClass">
        <requiresConcept refId="junit4:TestMethod" />
        <description>Labels all classes containing test methods with TEST and JUNIT4.</description>
        <cypher><![CDATA[
            MATCH (t:CLASS)-[:CONTAINS]->(m:METHOD:TEST:JUNIT4)
            SET t:TEST:JUNIT4
            RETURN t AS class
        ]]></cypher>
    </concept>
</jqa:jqassistant-rules>