<jqa:jqassistant-rules xmlns:jqa="http://www.buschmais.com/jqassistant/core/analysis/rules/schema/v1.0">

    <concept id="junit4:TestClassOrMethod">
        <description>Finds test methods (i.e. annotated with "@org.junit.Test") and labels them and their containing classes with TEST and JUNIT4.</description>
        <cypher><![CDATA[
            MATCH (c:TYPE:CLASS)-[:DECLARES]->(m:METHOD)-[:ANNOTATED_BY]-()-[:OF_TYPE]->(a:TYPE)
            WHERE a.FQN="org.junit.Test"
            SET c:TEST:JUNIT4, m:TEST:JUNIT4
            RETURN m as testMethod
        ]]></cypher>
    </concept>

    <concept id="junit4:IgnoreTestClassOrMethod">
        <description>Labels all classes or methods annotated with "@org.junit.Ignore" with JUNIT4 and IGNORE.</description>
        <cypher><![CDATA[
            MATCH (e)-[:ANNOTATED_BY]->()-[:OF_TYPE]->(a:TYPE)
            WHERE a.FQN="org.junit.Ignore"
            SET e:JUNIT4:IGNORE
            RETURN e as ignoreElement
        ]]></cypher>
    </concept>

</jqa:jqassistant-rules>