<jqa:jqassistant-rules xmlns:jqa="http://www.buschmais.com/jqassistant/core/analysis/rules/schema/v1.0">

    <concept id="junit4:TestClassOrMethod">
        <description>Finds test methods (i.e. annotated with "@org.junit.Test") and labels them and their containing classes with "Test" and "Junit4".</description>
        <cypher><![CDATA[
            match
              (c:Type:Class)-[:DECLARES]->(m:Method)-[:ANNOTATED_BY]-()-[:OF_TYPE]->(a:Type)
            where
              a.fqn="org.junit.Test"
            set
              c:Test:Junit4, m:Test:Junit4
            return
              c as TestClass, collect(m) as TestMethods
        ]]></cypher>
    </concept>

    <concept id="junit4:IgnoreTestClassOrMethod">
        <description>Labels all classes or methods annotated with "@org.junit.Ignore" with "Junit4" and "Ignore".</description>
        <cypher><![CDATA[
            match
              (e)-[:ANNOTATED_BY]->()-[:OF_TYPE]->(a:Type)
            where
              a.fqn="org.junit.Ignore"
            set
              e:Junit4:Ignore
            return
              e as IgnoredElement
        ]]></cypher>
    </concept>

    <concept id="junit4:TestCaseImplementedByMethod">
        <description>Creates a relation IMPLEMENTED_BY between all test cases from test reports and their implementing methods.</description>
        <cypher><![CDATA[
            match
              (testcase:TestCase)
            with
              testcase
            match
              (testclass:Type)-[:DECLARES]->(testmethod:Method)
            where
              testclass.fqn = testcase.className
              and testmethod.name = testcase.name
            create unique
              (testcase)-[:IMPLEMENTED_BY]->(testmethod)
            return
              count(testcase) as TestCases
        ]]></cypher>
    </concept>

</jqa:jqassistant-rules>